4161
0 0 0 11
0 12 0 23
0 24 0 35
0 36 0 47
0 48 0 59
0 60 0 71
0 72 0 83
0 84 0 95
0 96 0 107
0 108 0 119
0 120 0 131
0 132 0 143
0 144 0 155
0 156 0 167
0 168 0 179
0 180 0 191
0 192 0 203
0 204 0 215
0 216 1 221
0 222 0 233
0 234 0 245
0 246 3 248
0 249 11 249
1 0 1 11
1 12 1 23
1 24 1 35
1 36 1 47
1 48 1 59
1 60 1 71
1 72 1 83
1 84 1 95
1 96 1 107
1 108 1 119
1 120 1 131
1 132 1 143
1 144 1 155
1 156 1 167
1 168 1 179
1 180 1 191
1 192 4 194
1 195 6 196
1 197 6 198
1 199 1 210
1 211 3 214
1 215 12 215
1 222 1 233
1 234 1 245
2 0 3 5
2 6 5 8
2 9 2 20
2 21 2 32
2 33 2 44
2 45 2 56
2 57 2 68
2 69 2 80
2 81 2 92
2 93 2 104
2 105 2 116
2 117 3 122
2 123 2 134
2 135 2 146
2 147 2 158
2 159 2 170
2 171 2 182
2 183 3 188
2 189 5 191
2 199 2 210
2 216 2 227
2 228 2 239
2 240 3 245
3 9 3 20
3 21 3 32
3 33 3 44
3 45 3 56
3 57 3 68
3 69 14 69
3 70 3 81
3 82 3 93
3 94 3 105
3 106 4 111
3 112 5 115
3 116 14 116
3 123 3 134
3 135 3 146
3 147 3 158
3 159 4 164
3 165 4 170
3 171 3 182
3 199 4 204
3 205 4 210
3 216 3 227
3 228 3 239
4 0 5 5
4 9 4 20
4 21 4 32
4 33 4 44
4 45 4 56
4 57 4 68
4 70 4 81
4 82 7 84
4 85 4 96
4 97 5 102
4 103 15 103
4 104 15 104
4 105 15 105
4 117 5 122
4 123 4 134
4 135 4 146
4 147 4 158
4 171 4 182
4 183 5 188
4 211 6 214
4 216 4 227
4 228 4 239
4 240 5 245
4 246 7 248
5 9 6 14
5 15 6 20
5 21 5 32
5 33 5 44
5 45 7 48
5 49 5 60
5 61 6 66
5 67 10 68
5 70 5 81
5 85 5 96
5 106 6 111
5 123 5 134
5 135 5 146
5 147 5 158
5 159 5 170
5 171 5 182
5 192 8 194
5 199 5 210
5 216 5 227
5 228 5 239
6 0 7 5
6 6 9 8
6 21 6 32
6 33 6 44
6 49 6 60
6 70 6 81
6 85 6 96
6 97 7 102
6 112 8 115
6 117 6 128
6 129 6 140
6 141 6 152
6 153 6 164
6 165 6 176
6 177 6 188
6 189 9 191
6 199 6 210
6 216 7 221
6 222 8 225
6 226 6 237
6 238 7 243
6 244 11 245
7 9 7 20
7 21 7 32
7 33 7 44
7 49 7 60
7 61 8 66
7 70 7 81
7 85 7 96
7 106 9 109
7 110 18 110
7 111 18 111
7 117 7 128
7 129 7 140
7 141 7 152
7 153 7 164
7 165 7 176
7 177 7 188
7 195 7 206
7 207 8 212
7 213 12 214
7 226 7 237
8 0 10 3
8 4 13 5
8 9 8 20
8 21 8 32
8 33 8 44
8 45 8 56
8 57 10 60
8 70 8 81
8 82 8 93
8 94 9 99
8 100 11 102
8 117 8 128
8 129 8 140
8 141 8 152
8 153 8 164
8 165 8 176
8 177 8 188
8 195 8 206
8 216 9 221
8 226 10 229
8 230 8 241
8 242 13 243
8 246 11 248
9 9 9 20
9 21 9 32
9 33 9 44
9 45 9 56
9 61 10 66
9 70 9 81
9 82 9 93
9 112 11 115
9 117 9 128
9 129 9 140
9 141 12 143
9 144 9 155
9 156 9 167
9 168 9 179
9 180 10 185
9 186 12 188
9 192 9 203
9 204 10 209
9 210 12 212
9 222 11 225
9 230 9 241
10 6 10 17
10 18 10 29
10 30 10 41
10 42 10 53
10 54 13 56
10 70 10 81
10 82 10 93
10 94 11 99
10 106 12 109
10 117 10 128
10 129 10 140
10 144 10 155
10 156 10 167
10 168 10 179
10 189 12 192
10 193 11 198
10 199 12 202
10 203 21 203
10 216 11 221
10 230 10 241
11 0 13 3
11 6 11 17
11 18 11 29
11 30 11 41
11 42 13 45
11 46 12 51
11 52 16 53
11 57 11 68
11 70 11 81
11 82 11 93
11 117 16 118
11 119 11 130
11 131 12 136
11 137 14 139
11 140 22 140
11 144 11 155
11 156 13 159
11 160 11 171
11 172 11 183
11 184 16 185
11 204 12 209
11 226 11 237
11 238 13 241
12 6 12 17
12 18 12 29
12 30 12 41
12 57 12 68
12 70 12 81
12 82 13 87
12 88 12 99
12 100 15 102
12 112 15 114
12 115 23 115
12 119 12 130
12 144 12 155
12 160 12 171
12 172 12 183
12 193 13 198
12 216 12 227
12 228 13 233
12 234 14 237
12 244 15 246
12 247 15 249
13 6 14 11
13 12 13 23
13 24 13 35
13 36 14 41
13 46 14 51
13 57 13 68
13 70 13 81
13 88 13 99
13 106 15 109
13 119 13 130
13 131 14 136
13 141 14 146
13 147 14 152
13 153 18 154
13 155 24 155
13 160 13 171
13 172 13 183
13 186 14 191
13 192 24 192
13 199 15 202
13 204 13 215
13 216 13 227
14 0 15 5
14 12 14 23
14 24 14 35
14 42 16 45
14 54 14 65
14 66 17 68
14 70 14 81
14 82 14 93
14 94 15 99
14 119 14 130
14 156 15 161
14 162 14 173
14 174 15 179
14 180 16 183
14 193 15 198
14 204 14 215
14 216 15 221
14 222 14 233
14 238 15 243
15 6 15 17
15 18 15 29
15 30 15 41
15 46 16 51
15 54 15 65
15 69 15 80
15 81 15 92
15 93 26 93
15 116 26 116
15 119 15 130
15 131 17 134
15 135 20 136
15 137 20 138
15 139 26 139
15 141 15 152
15 162 15 173
15 186 16 191
15 204 15 215
15 222 15 233
15 234 17 237
16 0 16 11
16 12 16 23
16 24 16 35
16 36 19 38
16 39 19 41
16 54 16 65
16 69 17 74
16 75 16 86
16 87 18 90
16 91 21 92
16 94 16 105
16 106 18 109
16 112 19 114
16 119 16 130
16 141 16 152
16 156 16 167
16 168 16 179
16 193 19 195
16 196 17 201
16 202 27 202
16 204 16 215
16 216 16 227
16 229 21 230
16 231 19 233
16 238 16 249
17 0 17 11
17 12 17 23
17 24 17 35
17 42 17 53
17 54 18 59
17 60 19 63
17 64 22 65
17 75 17 86
17 94 17 105
17 117 17 128
17 129 22 130
17 141 19 144
17 145 18 150
17 151 22 152
17 156 17 167
17 168 17 179
17 180 17 191
17 204 17 215
17 216 17 226
17 227 22 228
17 238 17 249
18 0 18 11
18 12 18 23
18 24 18 35
18 42 18 53
18 66 18 77
18 78 19 83
18 84 21 86
18 94 18 105
18 117 20 120
18 121 19 126
18 127 23 128
18 131 20 134
18 156 18 167
18 168 18 179
18 180 18 191
18 196 19 201
18 204 18 215
18 216 19 221
18 222 20 225
18 234 18 245
18 246 20 249
19 0 19 11
19 12 19 23
19 24 19 35
19 42 19 53
19 54 20 59
19 66 19 77
19 87 21 90
19 94 19 105
19 106 20 111
19 145 20 150
19 153 30 153
19 156 19 167
19 168 19 179
19 180 19 191
19 204 19 215
19 226 30 226
19 234 20 239
19 240 20 245
20 0 20 11
20 12 20 23
20 24 20 35
20 36 21 41
20 42 20 53
20 60 22 63
20 66 20 77
20 78 21 83
20 94 21 99
20 100 21 105
20 112 23 114
20 121 21 126
20 141 22 144
20 156 20 167
20 168 20 179
20 180 20 191
20 193 31 193
20 194 21 199
20 200 25 201
20 204 20 215
20 216 21 221
20 231 23 233
21 0 21 11
21 12 21 23
21 24 21 35
21 42 21 53
21 54 22 59
21 66 21 77
21 106 22 111
21 117 32 117
21 118 24 120
21 131 22 136
21 137 32 137
21 138 32 138
21 145 22 150
21 154 32 154
21 156 21 167
21 168 21 179
21 180 21 191
21 204 21 215
21 222 23 225
21 234 21 245
21 246 23 249
22 0 22 11
22 12 22 23
22 24 22 35
22 36 22 47
22 48 24 51
22 52 26 53
22 66 22 77
22 78 22 89
22 90 25 92
22 94 22 105
22 121 24 124
22 125 27 126
22 156 22 167
22 168 22 179
22 180 22 191
22 194 23 199
22 203 22 214
22 215 23 220
22 221 33 221
22 229 27 230
22 234 22 245
23 0 23 11
23 12 23 23
23 24 23 35
23 36 23 47
23 54 23 65
23 66 23 77
23 78 23 89
23 94 23 105
23 106 24 111
23 129 24 134
23 135 28 136
23 140 23 151
23 152 31 152
23 156 23 167
23 168 23 179
23 180 23 191
23 203 23 214
23 227 28 228
23 234 23 245
24 0 24 11
24 12 24 23
24 24 24 35
24 36 24 47
24 54 24 65
24 66 24 77
24 78 24 89
24 94 24 105
24 112 26 115
24 127 29 128
24 140 24 151
24 156 24 167
24 168 25 173
24 174 24 185
24 186 25 191
24 194 25 199
24 203 24 214
24 215 26 218
24 219 29 220
24 222 26 225
24 231 24 242
24 243 26 246
24 247 27 249
25 0 25 11
25 12 25 23
25 24 25 35
25 36 25 47
25 48 28 50
25 54 27 57
25 58 26 63
25 64 25 75
25 76 25 87
25 88 30 89
25 94 25 105
25 106 26 111
25 118 28 120
25 121 28 123
25 129 26 134
25 140 25 151
25 155 27 158
25 159 26 164
25 165 28 167
25 174 25 185
25 192 36 192
25 203 25 214
25 231 26 236
25 237 28 239
25 240 28 242
26 0 26 11
26 12 26 23
26 24 26 35
26 36 26 47
26 64 26 75
26 76 26 87
26 90 29 92
26 94 26 105
26 124 37 124
26 140 26 151
26 168 26 179
26 180 28 183
26 184 27 189
26 190 37 190
26 191 37 191
26 194 27 199
26 200 31 201
26 203 26 214
27 0 27 11
27 12 27 23
27 24 28 29
27 30 29 33
27 34 27 45
27 46 32 47
27 51 30 53
27 58 27 69
27 70 28 75
27 76 27 87
27 93 28 98
27 99 29 102
27 103 27 114
27 115 32 116
27 130 29 133
27 134 38 134
27 139 27 150
27 151 38 151
27 159 28 164
27 168 27 179
27 203 27 214
27 215 29 218
27 222 29 225
27 231 28 236
27 243 29 246
28 0 28 11
28 12 28 23
28 34 28 45
28 54 28 65
28 66 39 66
28 67 39 67
28 68 33 69
28 76 29 81
28 82 29 87
28 103 28 114
28 125 33 126
28 129 39 129
28 139 28 150
28 155 30 158
28 168 28 179
28 184 29 189
28 194 29 199
28 202 28 213
28 214 39 214
28 229 33 230
28 247 39 247
28 248 33 249
29 0 29 11
29 12 29 23
29 24 30 29
29 34 29 45
29 48 32 50
29 54 29 65
29 70 30 75
29 93 30 98
29 103 29 114
29 118 30 123
29 135 34 136
29 139 29 150
29 159 29 170
29 171 29 182
29 183 40 183
29 202 29 213
29 227 34 228
29 231 29 242
30 0 30 11
30 12 30 23
30 30 30 41
30 42 32 45
30 54 30 65
30 76 30 87
30 90 33 92
30 99 30 110
30 111 32 114
30 127 35 128
30 130 32 133
30 139 30 150
30 159 32 162
30 163 30 174
30 175 31 180
30 181 41 181
30 182 41 182
30 184 31 189
30 194 31 199
30 202 30 213
30 215 31 220
30 222 32 225
30 231 30 242
30 243 32 246
31 0 31 11
31 12 31 23
31 24 32 29
31 30 31 41
31 51 31 62
31 63 34 65
31 70 31 81
31 82 32 87
31 88 36 89
31 93 31 104
31 105 33 108
31 109 42 109
31 118 32 123
31 139 31 150
31 155 33 158
31 163 31 174
31 202 31 213
31 226 42 226
31 231 31 242
32 0 32 11
32 12 32 23
32 30 32 41
32 51 32 62
32 70 32 81
32 93 32 104
32 110 43 110
32 139 32 150
32 152 37 153
32 163 32 174
32 175 33 180
32 184 33 189
32 193 32 204
32 205 43 205
32 206 37 207
32 208 33 213
32 215 33 220
32 231 32 242
33 0 33 11
33 12 33 22
33 25 34 29
33 30 34 35
33 36 33 47
33 48 33 59
33 60 36 62
33 70 33 81
33 82 35 85
33 86 38 87
33 93 33 104
33 111 33 122
33 123 44 123
33 130 44 130
33 131 36 133
33 137 33 148
33 149 38 150
33 154 43 154
33 159 33 170
33 171 35 174
33 193 34 198
33 199 34 204
33 222 35 225
33 231 33 242
33 243 35 246
34 0 36 3
34 4 36 7
34 8 35 13
34 14 35 19
34 20 37 22
33 23 38 24
34 36 34 47
34 48 34 59
34 68 34 79
34 80 39 81
34 90 35 95
34 97 36 100
34 101 39 102
34 103 39 104
34 105 37 107
34 108 45 108
34 111 34 122
34 125 39 126
34 137 34 148
34 155 34 166
34 167 36 170
34 175 35 180
34 184 37 186
34 187 37 189
34 208 35 213
34 215 35 220
34 221 45 221
34 229 34 240
34 241 39 242
34 248 39 249
35 25 35 36
35 37 35 48
35 49 36 54
35 55 37 58
35 59 46 59
35 63 38 65
35 68 37 71
35 72 36 77
35 78 40 79
35 111 35 122
35 135 35 146
35 147 46 147
35 148 46 148
35 155 35 166
35 193 35 204
35 227 35 238
35 239 40 240
36 8 39 10
36 11 38 14
36 15 38 18
36 25 36 36
36 37 36 48
36 84 41 85
36 90 37 95
36 111 36 122
36 127 41 128
36 135 36 146
36 155 36 166
36 171 37 176
36 177 38 180
36 193 36 204
36 208 37 213
36 215 37 220
36 222 41 223
36 224 47 224
36 227 36 238
36 243 38 246
37 0 38 5
37 6 42 7
37 25 37 36
37 37 37 48
37 49 38 54
37 60 40 62
37 72 38 77
37 82 48 82
37 88 42 89
37 96 40 98
37 99 48 99
37 111 37 122
37 131 40 133
37 135 37 146
37 155 37 166
37 167 40 169
37 170 48 170
37 192 37 203
37 204 48 204
37 225 48 225
37 227 37 238
38 19 40 22
38 25 38 36
38 37 38 48
38 55 43 56
38 57 49 57
38 58 49 58
38 68 40 71
38 83 49 83
38 90 39 95
38 105 41 107
38 111 38 122
38 124 49 124
38 135 38 146
38 152 43 153
38 155 38 166
38 171 39 176
38 184 38 195
38 196 39 201
38 202 43 203
38 206 43 207
38 209 43 210
38 211 49 211
38 213 49 213
38 215 39 220
38 227 38 238
39 0 40 5
39 11 40 16
39 17 44 18
39 23 39 34
39 35 41 38
39 39 39 50
39 51 41 54
39 63 42 65
39 72 44 73
39 74 42 76
39 77 50 77
39 86 44 87
39 111 39 122
39 134 39 145
39 146 50 146
39 149 42 151
39 155 39 166
39 177 41 180
39 184 39 195
39 208 50 208
39 227 39 238
39 243 41 246
40 8 43 10
40 23 42 26
40 27 42 30
40 31 42 34
40 39 40 50
40 66 45 67
40 80 45 81
40 90 41 95
40 100 43 102
40 103 45 104
40 111 41 116
40 117 41 122
40 125 45 126
40 129 51 129
40 134 40 145
40 155 40 166
40 171 41 176
40 184 40 195
40 196 42 199
40 200 45 201
40 212 51 212
40 214 41 219
40 220 51 220
40 227 40 238
40 241 45 242
40 247 43 249
41 0 42 5
41 11 42 16
41 19 43 22
41 39 41 50
41 60 44 62
41 68 43 71
41 78 46 79
41 96 44 98
41 131 41 141
41 142 43 145
41 155 41 166
41 167 44 169
41 183 41 194
41 195 52 195
41 227 41 238
41 239 52 239
41 240 51 240
42 35 43 40
42 41 42 52
42 53 47 54
42 84 53 84
42 85 53 85
42 90 43 95
42 105 45 107
42 111 42 122
42 127 47 128
42 131 43 136
42 137 53 137
42 138 44 141
42 155 42 166
42 171 42 182
42 183 42 194
42 214 43 219
42 222 47 223
42 227 42 238
42 243 44 246
43 0 44 5
43 6 48 7
43 11 44 16
43 23 43 34
43 41 43 52
43 63 46 65
43 74 46 76
43 88 48 89
43 109 54 109
43 111 44 116
43 117 48 118
43 119 45 122
43 149 54 149
43 150 54 150
43 151 54 151
43 155 43 166
43 171 44 176
43 177 43 188
43 189 44 194
43 196 45 199
43 226 43 237
43 238 54 238
44 8 47 10
44 19 44 30
44 31 44 42
44 43 45 48
44 49 46 52
44 55 55 55
44 68 46 71
44 90 45 95
44 100 47 102
44 110 55 110
44 131 46 134
44 136 55 136
44 142 46 145
44 152 55 152
44 153 45 158
44 159 45 164
44 165 49 166
44 177 44 188
44 202 49 203
44 205 47 207
44 209 49 210
44 214 46 217
44 218 49 219
44 226 44 237
44 247 47 249
45 0 46 5
45 11 45 22
45 23 45 34
45 35 46 40
45 41 49 42
45 60 48 62
45 72 50 73
45 86 50 87
45 96 48 98
45 111 46 116
45 123 56 123
45 130 56 130
45 138 47 141
45 167 48 169
45 171 45 182
45 183 45 194
45 226 45 237
45 243 47 246
46 11 46 22
46 23 46 34
46 43 47 48
46 66 51 67
46 80 51 81
46 90 47 95
46 103 48 106
46 107 57 107
46 108 57 108
46 119 48 122
46 125 51 126
46 135 57 135
46 153 46 164
46 171 47 176
46 177 46 188
46 189 47 194
46 196 47 201
46 221 57 221
46 226 46 237
46 241 51 242
47 0 48 5
47 11 47 22
47 23 47 34
47 35 48 40
47 49 49 52
47 56 58 56
47 59 57 59
47 63 50 65
47 68 49 71
47 74 50 76
47 78 52 79
47 111 48 116
47 131 49 134
47 142 49 145
47 147 52 148
47 153 47 164
47 177 47 188
47 214 49 217
47 226 47 237
48 8 49 13
48 14 48 25
48 26 53 27
48 28 49 33
48 34 59 34
48 43 49 48
48 53 58 53
48 90 49 95
48 100 53 101
48 127 53 128
48 138 50 141
48 153 48 164
48 171 48 182
48 183 48 194
48 196 49 201
48 205 51 207
48 222 51 224
48 226 48 237
48 243 49 248
48 249 59 249
49 0 50 5
49 6 54 7
49 14 49 25
49 35 50 40
49 54 60 54
49 60 52 62
49 88 54 89
49 96 51 99
49 102 51 105
49 106 60 106
49 111 49 122
49 153 49 164
49 167 49 178
49 179 49 189
49 192 51 194
49 204 60 204
49 225 49 234
49 235 52 237
50 8 51 13
50 14 50 25
50 28 51 33
50 45 51 48
50 49 52 52
50 57 55 58
50 68 53 70
50 71 61 71
50 82 55 83
50 90 51 95
50 111 50 122
50 124 61 124
50 131 61 131
50 132 53 134
50 142 52 145
50 153 50 164
50 165 50 176
50 177 50 188
50 189 61 189
49 190 54 191
50 196 51 201
50 202 55 203
50 209 53 211
50 213 51 218
50 219 61 219
50 225 51 230
50 231 52 234
50 243 51 248
51 0 52 5
51 14 51 25
51 35 52 40
53 41 62 41
50 41 52 44
51 63 54 65
51 72 52 77
51 86 56 87
51 111 51 122
51 138 53 141
51 146 62 146
51 153 51 164
51 165 51 176
51 177 51 188
51 208 62 208
52 8 52 19
52 20 53 25
52 28 53 33
52 45 54 48
52 66 57 67
52 80 57 81
52 90 53 95
52 96 54 99
52 102 54 105
52 111 52 122
52 125 63 125
52 126 63 126
52 129 63 129
52 153 52 164
52 165 52 176
52 177 54 180
52 181 53 186
52 187 57 188
52 192 55 194
52 196 53 201
52 205 55 207
52 212 53 217
52 218 63 218
52 220 63 220
52 222 53 227
52 228 55 230
52 242 53 246
52 247 57 248
53 0 54 5
53 8 53 19
53 35 54 40
53 42 56 44
53 49 55 52
53 60 56 62
53 72 54 77
53 78 62 78
53 111 53 122
53 142 55 145
53 147 58 148
53 153 54 158
53 159 53 170
53 171 54 176
53 195 64 195
53 231 54 236
53 237 64 237
53 239 64 239
52 240 57 241
54 8 55 13
54 14 54 25
54 26 55 31
54 32 59 33
54 68 57 70
54 84 59 85
54 90 55 95
54 100 59 101
54 111 54 122
54 127 59 128
54 132 57 134
54 137 56 139
54 140 59 141
54 159 54 170
54 181 55 186
54 196 55 201
54 209 55 214
54 215 57 217
54 222 55 227
54 242 56 245
54 246 64 246
55 0 56 5
55 6 60 7
55 14 55 25
55 35 56 40
55 45 57 48
55 63 58 65
55 72 60 73
55 74 57 77
55 88 60 89
55 96 57 99
55 102 57 105
55 109 66 109
55 111 56 116
55 117 56 122
55 149 58 151
55 153 55 164
55 165 55 176
55 177 57 180
55 190 66 190
55 191 66 191
55 231 56 236
55 238 66 238
56 8 56 19
56 20 59 22
56 23 59 25
56 26 57 31
56 49 58 52
56 55 67 55
56 57 61 58
56 82 61 83
56 90 57 95
56 110 67 110
56 136 67 136
56 142 59 144
56 145 67 145
56 152 56 163
56 164 56 175
56 176 67 176
56 181 57 186
56 192 59 194
56 196 57 201
56 202 61 203
56 205 59 207
56 209 57 214
56 222 57 227
56 228 59 230
57 0 58 5
57 8 57 19
57 35 58 40
57 42 60 44
57 60 60 62
57 86 62 87
57 111 57 122
57 123 68 123
57 130 68 130
57 137 60 139
57 152 57 163
57 164 57 175
57 231 58 236
57 242 59 245
58 8 58 19
58 26 59 31
58 45 60 48
58 66 60 69
58 70 69 70
58 74 60 77
58 79 61 81
58 90 61 92
58 93 59 98
58 99 69 99
58 102 60 105
58 107 63 108
58 111 58 122
58 132 60 135
58 152 58 163
58 164 58 175
58 177 58 188
58 196 59 201
58 209 59 214
58 215 61 217
58 221 60 224
58 225 63 226
58 227 69 227
58 240 63 241
58 247 63 248
59 0 60 5
59 8 59 19
59 35 60 40
59 49 61 52
59 56 70 56
58 59 69 59
59 63 62 65
59 111 59 122
59 147 59 158
59 159 59 170
59 171 61 174
59 175 70 175
59 177 59 188
59 231 60 236
60 8 60 19
60 20 60 31
60 32 63 34
59 53 70 53
60 84 65 85
60 93 62 96
60 97 65 98
60 100 65 101
60 111 61 116
60 117 65 118
60 119 67 119
60 120 68 120
60 121 71 121
60 127 65 128
60 140 62 143
60 144 71 144
60 147 60 158
60 159 60 170
60 177 61 182
60 183 61 188
60 192 63 194
60 196 61 201
60 205 63 207
60 209 61 214
60 228 63 230
60 242 62 245
60 249 71 249
61 0 61 11
61 12 61 23
61 24 62 29
61 30 66 31
61 35 66 36
61 37 63 40
61 42 62 47
61 48 72 48
61 54 72 54
61 60 64 62
61 66 63 69
61 72 63 75
61 76 72 76
61 88 66 89
61 102 63 105
61 106 72 106
61 133 64 135
61 137 64 139
61 147 61 158
61 159 61 170
61 204 72 204
61 221 63 224
61 231 62 236
62 0 62 11
62 12 62 23
62 49 64 52
62 57 67 58
62 71 72 71
62 79 64 82
62 83 73 83
62 90 65 92
62 111 63 116
62 124 73 124
62 131 73 131
62 132 73 132
62 147 62 158
62 159 62 170
62 171 67 172
62 173 67 174
62 177 62 188
62 189 72 189
62 196 63 201
62 202 65 203
62 209 63 214
62 215 65 217
62 219 73 219
63 0 64 5
63 6 63 17
63 18 63 29
63 41 64 46
63 47 74 47
63 63 66 65
63 77 68 78
63 86 68 87
63 93 65 96
63 122 74 122
63 140 65 143
63 146 63 157
63 158 63 167
63 168 66 170
63 177 65 180
63 181 64 186
63 187 68 188
63 208 74 208
63 231 64 236
63 242 65 245
64 6 65 11
64 12 64 23
64 24 65 29
64 32 67 34
64 37 66 40
64 66 67 68
64 69 75 69
64 72 66 75
64 102 66 105
64 107 69 108
64 111 65 116
64 125 69 126
64 129 75 129
64 146 64 157
64 158 65 163
64 164 66 167
64 192 67 194
64 196 65 201
64 205 67 207
64 209 65 214
64 218 75 218
64 220 65 225
64 226 75 226
64 228 75 228
64 229 69 230
64 240 69 241
64 247 69 248
65 0 66 5
65 12 67 15
65 16 68 18
65 19 67 21
65 22 70 23
65 41 66 46
65 49 67 52
65 60 68 62
65 79 68 81
65 82 76 82
65 133 68 135
65 137 68 139
65 146 65 157
65 181 66 186
65 195 74 195
65 231 66 236
65 237 76 237
66 6 67 11
66 24 67 29
66 84 71 85
66 90 67 95
66 96 71 97
66 98 75 98
66 100 70 101
66 111 68 114
66 115 68 118
66 127 71 128
66 140 68 143
66 146 66 157
66 158 67 163
66 177 68 180
66 196 69 198
66 199 71 200
66 201 69 203
66 209 67 214
66 215 69 217
66 220 67 225
66 242 68 245
65 246 76 246
67 0 68 5
67 30 72 31
67 35 67 46
67 63 70 65
67 72 69 75
67 88 72 89
67 102 69 105
67 109 78 109
67 146 67 157
67 164 68 169
67 170 78 170
67 181 68 186
67 190 78 190
67 191 78 191
67 231 69 234
67 235 78 235
67 236 78 236
67 238 72 239
68 6 69 11
68 12 70 15
68 19 71 21
68 24 69 29
68 32 69 37
68 38 73 39
68 40 69 45
68 46 79 46
68 49 70 52
68 55 79 55
68 57 73 58
68 66 71 68
68 90 70 93
68 94 73 95
68 110 79 110
68 136 79 136
68 145 68 156
68 157 69 162
68 163 79 163
68 171 70 174
68 176 79 176
68 192 71 194
68 205 71 207
68 209 69 214
68 220 69 225
69 0 70 5
69 16 72 18
69 60 72 62
69 77 71 80
69 81 80 81
69 86 74 87
69 111 70 116
69 117 74 118
69 123 80 123
69 130 80 130
69 133 72 135
69 137 70 142
69 143 80 143
69 145 69 156
69 165 71 168
69 169 80 169
69 177 69 188
69 242 71 245
70 6 71 11
70 24 71 29
70 32 71 37
70 40 71 45
70 59 81 59
70 72 72 75
70 102 72 105
70 107 81 107
70 125 75 126
70 145 70 156
70 157 71 162
70 164 81 164
70 177 70 188
70 196 73 198
70 201 73 203
70 209 71 214
70 215 73 217
70 220 71 225
70 227 81 227
70 229 71 234
70 240 75 241
70 247 75 248
71 0 74 2
71 3 74 5
71 12 73 15
71 22 76 23
71 49 73 52
71 53 82 53
71 56 79 56
71 63 74 65
71 90 73 93
71 99 74 101
71 111 72 116
71 137 73 140
71 141 82 141
71 142 82 142
71 145 71 156
71 171 73 174
71 175 82 175
71 177 72 182
71 183 72 188
72 6 73 11
72 19 75 21
72 24 73 29
72 32 73 37
72 40 73 45
72 66 75 68
72 77 74 80
72 84 77 85
72 96 77 97
68 119 79 119
69 120 80 120
72 121 83 121
72 127 77 128
72 144 73 149
72 150 74 153
72 154 74 157
72 158 83 158
72 159 74 162
72 165 74 168
72 192 74 194
72 199 77 200
72 205 75 207
72 209 73 214
72 220 73 225
72 229 73 234
72 242 74 245
72 249 80 249
73 16 76 18
73 30 78 31
73 48 84 48
73 54 83 54
73 60 76 62
73 70 74 75
73 88 78 89
73 102 75 105
73 106 84 106
73 108 84 108
73 111 74 116
73 133 76 135
73 177 73 188
73 204 84 204
73 238 78 239
74 6 75 11
74 12 76 15
74 24 75 29
74 32 74 43
74 44 79 45
74 49 76 52
74 57 79 58
74 83 85 83
74 90 76 93
74 94 79 95
74 124 85 124
74 131 79 132
74 137 79 138
74 140 85 140
74 144 75 149
74 171 76 174
74 177 74 188
73 189 84 189
74 196 77 198
74 201 77 203
74 209 75 214
74 215 77 217
74 219 75 224
74 225 85 225
74 229 75 234
75 0 76 5
75 32 75 43
75 47 86 47
75 63 78 65
75 70 78 72
75 73 76 78
75 79 80 80
75 86 86 86
75 99 78 101
75 111 77 114
75 115 77 118
75 150 77 153
75 154 86 154
75 155 80 156
75 157 86 157
75 159 77 162
75 165 77 168
75 177 75 188
75 208 86 208
75 242 77 245
76 6 77 11
76 19 79 21
76 24 77 29
76 32 76 43
76 66 78 69
76 102 78 105
76 122 87 122
76 125 81 126
76 129 87 129
76 144 79 146
76 147 79 149
76 177 77 182
76 183 77 188
78 192 81 193
75 192 77 195
76 205 79 207
76 209 77 214
76 218 77 223
76 224 87 224
76 226 87 226
76 228 77 233
76 234 87 234
76 247 87 247
76 248 87 248
77 0 78 5
77 12 78 17
77 18 88 18
77 22 82 23
77 32 77 43
77 49 79 52
77 60 80 62
77 73 78 78
77 82 88 82
77 90 79 93
77 133 82 134
77 135 88 135
77 139 88 139
77 171 80 173
77 174 88 174
77 237 88 237
77 246 88 246
78 6 80 9
78 10 83 11
78 24 79 29
78 32 78 43
78 84 83 85
78 96 83 97
76 98 87 98
78 111 79 115
78 116 81 118
78 127 83 128
78 150 81 152
78 153 89 153
78 159 80 162
78 165 80 168
78 177 78 188
78 194 78 203
78 209 79 214
78 215 79 220
78 221 81 223
78 228 79 233
78 240 79 245
79 0 80 5
79 12 82 14
79 15 82 17
79 30 79 41
79 42 82 43
79 63 79 74
79 75 84 76
79 77 84 78
79 87 82 89
79 99 80 102
79 103 82 105
79 109 88 109
79 170 90 170
79 177 79 188
79 190 84 191
79 196 80 201
79 202 84 203
79 235 84 236
79 238 84 239
80 19 83 21
80 24 80 35
80 36 81 41
80 44 83 46
80 49 82 52
80 55 83 57
80 58 91 58
80 63 81 68
80 69 81 74
80 90 81 95
80 110 81 115
80 119 91 119
80 131 85 132
80 136 83 138
80 144 81 149
80 163 91 163
80 176 80 187
80 188 91 188
80 205 83 207
80 209 80 220
80 228 81 233
80 240 81 245
81 0 82 5
81 6 83 9
81 24 81 35
81 60 84 62
81 79 84 81
81 99 86 100
81 123 92 123
81 130 92 130
81 143 92 143
81 155 86 156
81 159 84 161
81 162 91 162
81 165 83 168
81 169 92 169
81 171 84 173
81 176 81 187
81 194 92 194
81 196 83 199
81 200 86 201
81 209 82 214
81 215 82 220
82 24 82 35
82 36 83 41
82 59 91 59
82 63 82 74
82 90 83 95
82 101 87 102
82 107 93 107
82 110 83 115
82 116 93 116
82 117 93 117
82 118 93 118
82 125 87 126
82 144 83 149
82 150 85 152
82 164 93 164
82 176 82 187
82 192 87 193
82 221 85 223
82 227 83 232
82 233 93 233
82 240 83 245
83 0 84 5
83 12 84 17
83 22 83 33
83 34 88 35
83 49 85 52
83 53 94 53
83 63 83 74
83 87 86 89
83 103 86 105
83 133 88 134
83 141 88 142
83 175 83 186
83 187 94 187
83 195 94 195
83 209 83 220
84 6 85 11
84 19 84 30
84 31 95 31
84 33 95 33
84 36 86 39
84 40 89 41
84 44 95 44
84 45 95 45
84 46 95 46
84 54 86 57
84 63 86 66
84 67 85 72
84 73 89 74
84 84 89 85
84 90 85 95
84 96 89 97
84 110 85 115
84 120 89 121
84 127 89 128
84 136 87 138
84 144 85 149
84 158 95 158
84 165 86 168
84 175 84 186
84 196 86 199
84 205 87 207
84 209 84 220
84 227 85 232
84 240 85 245
81 249 92 249
85 0 86 5
85 12 86 17
85 19 85 30
88 42 96 42
83 42 87 43
85 48 96 48
85 60 88 62
85 75 86 80
85 81 96 81
85 106 95 106
85 108 96 108
85 159 96 159
85 160 96 160
85 161 96 161
85 171 88 173
85 175 85 186
85 189 88 191
85 202 88 204
85 209 85 220
85 235 90 236
85 238 96 238
86 6 87 11
86 19 86 30
86 49 88 52
86 67 88 70
86 71 91 72
86 83 97 83
86 90 87 95
86 110 87 115
86 124 97 124
86 131 91 132
86 140 97 140
86 144 87 149
86 150 91 151
86 152 97 152
86 175 86 186
86 209 86 220
86 221 88 223
86 225 97 225
86 227 87 232
86 239 87 244
86 245 97 245
87 0 88 5
87 12 88 17
87 19 87 30
87 32 98 32
87 36 90 38
87 47 98 47
87 54 89 57
87 63 89 66
87 75 89 78
87 79 92 80
87 86 89 89
87 99 92 100
87 103 90 105
87 154 89 157
87 165 89 168
87 175 87 186
87 196 88 201
87 208 87 218
87 219 92 220
88 6 89 11
88 19 89 24
88 25 89 30
88 39 99 39
88 90 90 93
88 94 93 95
88 98 99 98
88 102 99 102
88 111 91 113
88 114 93 115
88 122 99 122
88 125 99 125
88 126 99 126
88 129 99 129
88 136 93 137
88 138 99 138
88 144 89 149
88 175 88 186
88 192 93 193
88 205 89 210
88 211 89 216
88 217 93 218
88 226 89 231
88 232 97 232
88 234 99 234
88 239 89 244
88 247 93 248
89 0 91 3
89 4 100 4
89 5 100 5
89 12 100 12
89 13 100 13
89 14 100 14
89 15 92 17
89 18 100 18
89 34 94 35
89 49 92 51
89 52 100 52
89 60 92 62
89 67 92 69
89 70 100 70
89 82 100 82
89 109 94 110
89 133 92 135
89 139 100 139
89 141 94 142
89 171 90 176
89 177 90 182
89 183 92 185
89 186 100 186
89 189 94 190
89 191 100 191
89 196 90 201
89 202 94 203
89 221 91 224
89 237 100 237
89 246 100 246
90 6 91 11
90 19 90 30
90 40 95 41
90 54 92 57
90 63 92 66
90 73 91 78
90 84 92 87
90 88 95 89
90 96 95 97
90 120 95 121
90 127 95 128
90 144 91 149
90 153 92 156
90 157 101 157
90 165 92 168
90 204 90 215
90 216 100 216
90 226 91 231
90 239 91 244
91 19 91 30
91 36 94 38
91 90 93 93
91 103 94 105
91 170 91 181
91 182 102 182
91 196 92 201
91 204 91 215
91 235 96 236
92 0 94 3
92 6 93 11
92 19 93 24
92 25 94 28
92 29 102 29
92 30 102 30
92 43 103 43
92 58 97 59
92 71 93 76
92 77 97 78
92 101 103 101
92 111 95 113
92 119 103 119
92 131 96 132
92 144 97 145
92 146 93 151
92 162 97 163
92 170 92 181
92 188 103 188
92 204 92 215
92 221 94 224
92 226 94 229
92 230 97 231
92 239 93 244
93 15 98 16
93 17 104 17
93 49 96 51
93 54 95 57
93 60 94 65
93 66 95 69
93 79 97 80
93 84 95 87
93 99 98 100
93 123 104 123
93 130 104 130
93 133 96 135
93 143 104 143
93 153 95 156
93 165 93 176
93 177 95 180
93 181 104 181
93 183 96 185
93 194 103 194
93 196 94 201
93 204 93 215
93 219 104 219
93 249 104 249
94 6 95 11
94 19 95 24
94 71 95 76
94 90 95 95
94 107 105 107
94 114 96 117
94 118 105 118
94 136 99 137
94 146 96 149
94 150 99 151
94 164 94 175
94 176 104 176
94 192 99 193
94 204 94 215
94 217 99 218
94 220 105 220
94 233 105 233
94 239 95 244
94 247 99 248
95 0 97 3
95 25 97 28
95 34 97 36
95 37 100 38
95 53 106 53
95 60 96 65
95 103 98 105
95 109 106 109
95 110 106 110
95 141 100 142
95 164 95 175
95 187 106 187
95 189 100 190
95 195 95 206
95 207 96 212
95 213 98 215
95 221 97 224
95 226 97 229
96 6 98 9
96 10 101 11
96 19 97 24
96 31 107 31
96 33 107 33
96 40 101 41
96 44 99 46
96 54 98 57
96 66 98 69
96 71 98 74
96 75 101 76
96 84 96 95
96 96 101 97
96 111 98 113
96 120 101 121
96 127 101 128
96 153 98 156
96 158 107 158
96 164 96 175
96 177 98 180
96 195 96 206
96 239 97 244
97 42 108 42
97 48 99 51
97 60 98 65
97 84 98 89
97 90 98 95
96 106 106 106
97 108 108 108
97 115 108 115
97 116 108 116
97 131 99 134
97 135 108 135
97 146 99 149
97 159 100 161
97 164 97 175
97 183 100 185
97 195 97 206
97 207 98 212
97 235 102 236
97 238 108 238
98 0 100 3
98 19 99 24
98 25 101 27
98 34 103 35
98 36 109 36
98 58 103 59
98 77 103 78
98 79 101 81
98 83 109 83
98 124 109 124
98 140 109 140
98 144 103 145
98 152 109 152
98 162 98 173
98 174 103 175
98 195 99 200
98 201 99 206
98 221 109 221
98 222 98 231
98 239 103 240
98 241 100 244
98 245 109 245
99 6 101 9
99 15 104 16
99 32 110 32
99 54 101 57
99 60 100 65
99 66 102 68
99 69 110 69
99 71 110 71
99 72 110 72
99 73 104 74
99 84 99 95
99 99 104 100
99 103 102 105
99 111 101 114
99 153 101 156
99 162 99 173
99 177 101 180
99 207 100 212
99 213 102 215
99 222 110 222
99 223 100 228
99 229 102 231
100 19 101 24
100 28 111 28
100 39 111 39
100 44 101 49
100 50 105 51
100 84 100 95
100 98 111 98
100 102 111 102
100 117 111 117
100 122 111 122
100 125 105 126
100 129 111 129
100 131 102 134
100 136 102 138
100 146 101 151
100 162 100 173
100 192 105 193
100 195 100 206
100 218 111 218
98 232 109 232
100 234 111 234
100 247 105 248
101 0 102 5
101 12 104 14
101 37 106 38
101 52 112 52
101 60 102 65
101 70 112 70
101 82 112 82
101 84 102 89
101 90 102 95
101 141 112 141
101 142 112 142
101 159 101 170
101 171 106 172
101 173 112 173
101 183 103 186
101 189 104 191
101 195 101 206
101 207 102 212
101 216 106 217
101 223 102 228
101 237 112 237
101 241 103 244
101 246 112 246
102 6 103 11
102 18 103 23
102 24 107 25
102 26 107 27
102 40 107 41
102 44 103 49
102 54 104 57
102 75 107 76
102 79 105 81
102 96 107 97
102 111 104 114
102 120 107 121
102 127 113 127
102 128 113 128
102 146 103 151
102 153 104 156
102 157 113 157
102 159 102 170
102 177 104 180
102 195 102 206
103 0 104 5
103 60 104 65
103 66 106 68
103 84 103 95
103 103 106 105
103 131 105 134
103 136 105 139
103 159 103 170
103 182 114 182
103 195 105 198
103 199 103 210
103 211 105 214
103 215 112 215
103 223 104 228
103 229 106 231
103 235 108 236
104 6 105 11
104 18 105 23
103 29 108 30
104 34 109 35
104 43 105 47
104 48 109 49
104 58 109 59
104 77 109 78
104 84 104 95
104 101 115 101
104 119 115 119
104 144 105 149
104 150 109 151
104 159 104 170
104 174 115 174
104 183 106 186
104 188 115 188
104 199 104 210
104 239 105 244
105 0 106 5
105 12 106 17
105 54 107 57
105 60 106 65
105 73 110 74
105 84 105 95
105 99 110 100
105 111 107 114
105 123 116 123
105 130 116 130
105 143 116 143
105 153 109 154
105 156 116 156
105 160 106 165
105 166 107 169
105 170 116 170
105 175 106 180
105 181 116 181
105 189 108 191
104 194 115 194
105 199 106 204
105 205 106 210
105 219 116 219
105 223 106 228
106 6 108 8
106 9 111 10
106 18 109 20
106 21 109 23
106 43 108 46
106 47 117 47
106 50 111 51
106 79 109 81
106 84 106 95
106 107 117 107
106 125 111 126
106 131 108 134
106 136 108 139
106 144 107 149
106 192 111 193
106 195 108 198
106 211 108 214
106 220 117 220
106 233 117 233
106 239 107 244
106 247 117 247
106 248 117 248
107 0 108 5
107 11 109 14
107 15 110 17
107 37 118 37
107 53 118 53
107 60 108 65
107 66 112 67
107 68 118 68
107 84 107 95
107 103 109 106
107 109 112 110
107 118 118 118
107 159 108 164
107 165 118 165
107 171 112 172
107 175 108 180
107 183 109 186
107 187 118 187
107 199 107 210
107 216 112 217
107 223 108 228
107 229 110 231
108 24 110 27
108 31 119 31
108 33 116 33
108 40 113 41
108 54 110 57
108 75 113 76
108 84 108 95
108 96 113 97
108 111 110 114
108 120 113 121
108 144 109 149
108 158 119 158
108 166 110 169
108 199 108 210
108 239 109 244
108 249 119 249
109 0 110 5
109 6 112 8
109 30 120 30
109 38 120 38
109 42 111 45
109 46 120 46
109 60 111 63
109 64 114 65
109 84 109 95
109 108 120 108
109 115 114 116
109 131 110 136
109 137 112 139
109 159 110 164
109 176 114 177
109 178 112 180
109 189 112 191
109 195 110 200
109 201 110 206
109 207 110 212
109 213 114 214
109 223 110 228
109 235 114 236
109 238 120 238
110 11 112 14
110 18 111 23
110 29 121 29
110 34 113 36
110 49 121 49
110 58 115 59
110 77 112 80
110 81 121 81
110 83 110 94
110 95 121 95
110 103 112 106
110 124 121 124
110 140 121 140
110 144 113 146
110 147 111 152
110 153 113 155
110 175 121 175
110 183 112 186
110 221 121 221
110 232 121 232
110 239 111 244
110 245 121 245
111 0 112 5
111 15 114 17
111 24 113 27
111 32 122 32
111 48 122 48
111 54 114 56
111 57 122 57
111 69 122 69
111 71 113 74
111 83 111 94
111 99 116 100
111 111 113 114
111 131 112 136
111 159 112 164
111 166 114 168
111 169 122 169
111 195 111 206
111 207 112 212
111 222 112 227
111 228 113 231
112 9 117 10
112 18 113 23
112 39 123 39
112 42 114 45
112 50 117 51
112 60 114 63
112 83 112 94
112 98 123 98
112 102 123 102
112 117 123 117
112 122 123 122
112 125 123 125
112 126 123 126
112 129 123 129
112 147 113 152
112 192 117 193
112 195 112 206
112 218 123 218
112 239 113 244
113 0 114 5
113 6 116 8
113 11 115 14
113 52 124 52
113 66 118 67
113 77 115 80
113 82 113 93
113 94 124 94
113 103 115 106
113 109 124 109
113 110 124 110
113 131 114 136
113 137 116 139
113 159 114 164
113 171 116 173
113 178 116 180
113 183 115 186
113 189 116 191
113 195 113 206
113 207 114 212
113 216 124 216
113 217 124 217
113 222 114 227
113 234 124 234
113 237 124 237
113 246 124 246
114 18 115 23
114 24 116 27
114 28 125 28
114 34 117 36
114 40 119 41
114 70 115 75
114 76 122 76
114 82 114 93
114 96 119 97
114 111 116 114
114 120 119 121
114 127 119 128
114 141 125 141
114 144 114 155
114 157 125 157
114 195 114 206
114 228 116 231
114 239 115 244
115 0 116 5
115 15 126 15
115 42 117 45
115 54 118 56
115 60 116 65
115 82 115 93
115 115 120 116
115 131 116 136
115 142 126 142
115 144 115 155
115 159 116 164
115 166 118 168
115 176 120 177
115 182 126 182
115 195 116 200
115 201 116 206
115 207 116 212
115 213 120 214
113 215 124 215
115 222 116 227
115 235 120 236
116 11 127 11
116 12 121 13
116 16 118 19
116 20 118 23
116 58 126 58
116 70 117 75
116 77 118 80
116 82 116 93
116 101 127 101
116 103 118 106
116 119 127 119
116 144 116 155
116 174 127 174
116 183 118 186
116 188 127 188
116 194 127 194
116 239 119 241
116 242 119 244
117 0 118 5
117 6 120 8
117 14 128 14
117 24 119 27
117 59 118 64
117 65 128 65
117 82 117 93
117 99 122 100
117 111 119 114
117 123 128 123
117 130 119 133
117 134 118 139
117 143 117 154
117 155 122 156
117 159 118 164
117 170 119 173
117 178 119 181
117 189 120 191
117 195 117 206
117 207 118 212
117 219 128 219
117 222 118 227
117 228 119 231
118 9 129 9
118 10 129 10
118 34 121 36
118 42 120 45
118 47 128 47
118 50 123 51
118 70 119 75
118 82 118 93
118 107 129 107
118 143 118 154
118 192 123 193
118 195 118 206
118 220 129 220
118 233 127 233
118 247 123 248
119 0 120 5
119 16 120 21
119 37 130 37
119 53 124 54
119 55 124 56
119 59 120 64
119 66 122 68
119 77 122 79
119 80 130 80
119 82 119 93
119 103 121 106
119 118 130 118
119 134 120 139
119 143 119 154
119 159 121 162
119 163 120 168
119 183 121 186
119 187 130 187
119 195 119 206
119 207 120 212
119 222 120 227
120 22 121 27
120 31 131 31
117 33 128 33
120 40 131 40
120 41 131 41
120 70 121 75
120 82 120 93
120 96 125 97
120 111 122 114
120 120 125 121
120 127 125 128
120 130 131 130
120 131 123 133
120 143 121 148
120 149 121 154
120 158 131 158
120 170 122 173
120 178 122 181
120 195 120 206
120 228 122 231
120 239 121 244
120 249 131 249
121 0 122 5
121 6 124 8
121 16 122 21
121 30 132 30
121 38 132 38
121 42 123 45
121 46 132 46
121 59 122 64
121 82 121 93
121 108 132 108
121 115 126 116
121 134 122 139
121 163 124 165
121 166 126 167
121 168 132 168
121 176 126 177
121 189 124 191
121 195 121 206
121 207 123 210
121 211 123 214
121 222 122 227
121 235 126 236
121 238 132 238
122 12 127 13
122 23 125 25
122 26 127 27
122 29 133 29
122 34 125 36
122 49 133 49
122 70 123 75
122 81 122 92
122 93 133 93
122 95 133 95
122 103 133 103
122 104 125 106
122 124 130 124
122 140 133 140
122 143 122 154
122 159 124 162
122 175 130 175
122 183 124 186
122 195 122 206
122 221 132 221
122 232 133 232
122 239 123 244
122 245 131 245
123 0 125 3
123 4 128 5
123 16 124 21
123 32 134 32
123 48 134 48
123 57 134 57
123 59 125 62
123 63 128 64
123 66 125 69
123 76 126 78
123 79 134 79
123 81 124 86
123 87 124 92
123 99 128 100
123 111 125 114
123 134 124 139
123 143 125 146
123 147 124 152
123 153 125 156
123 169 125 172
123 173 134 173
123 178 125 181
123 195 123 206
123 222 124 227
123 228 125 231
124 22 135 22
124 39 135 39
124 42 126 45
124 50 129 51
124 70 129 71
124 72 126 75
124 98 135 98
124 102 135 102
124 117 135 117
124 122 135 122
124 125 129 126
124 129 135 129
124 131 129 132
124 133 135 133
124 192 127 193
124 195 124 206
124 207 125 212
124 213 129 214
124 218 135 218
124 239 125 244
124 247 135 247
124 248 135 248
125 6 128 8
125 16 127 19
125 20 130 21
125 52 127 55
125 56 136 56
125 81 126 86
125 87 126 92
125 94 136 94
125 109 130 110
125 134 126 139
125 147 127 150
125 151 130 152
125 159 126 164
125 165 136 165
125 183 127 186
125 189 128 191
125 195 125 206
125 215 128 217
125 222 126 227
125 234 136 234
125 237 136 237
126 0 128 3
126 23 131 24
126 25 137 25
126 28 137 28
126 34 131 35
126 36 137 36
126 59 128 62
126 66 128 69
126 96 131 97
126 104 137 104
126 105 131 106
126 111 128 114
126 120 131 121
126 127 131 128
126 141 137 141
126 143 128 146
126 153 128 156
126 157 134 157
126 169 128 172
126 178 128 181
126 195 126 206
126 207 127 212
126 228 128 231
126 239 127 244
126 246 137 246
127 15 138 15
127 42 129 45
127 72 129 75
127 76 130 78
127 81 128 86
127 87 130 89
127 90 130 92
127 115 132 116
127 134 128 139
127 142 138 142
127 159 128 164
127 166 132 167
127 176 132 177
127 182 138 182
127 195 128 200
127 201 128 206
127 222 128 227
127 235 138 235
127 236 138 236
128 11 131 13
128 16 130 19
128 26 133 27
128 52 130 55
127 58 138 58
128 101 139 101
128 119 139 119
128 147 130 150
128 183 130 186
128 188 139 188
128 192 131 194
128 207 129 212
128 239 129 244
129 0 130 5
129 6 132 8
129 14 140 14
129 59 130 64
129 65 131 68
129 69 140 69
129 81 130 86
129 99 134 100
129 111 131 114
129 134 130 139
129 143 131 146
129 153 131 156
129 159 130 164
129 169 134 170
129 171 140 171
129 172 140 172
129 178 131 181
129 189 132 191
129 195 129 206
129 215 132 217
129 219 140 219
129 222 130 227
129 228 134 229
129 230 140 230
130 9 135 10
130 42 132 45
129 47 140 47
130 50 135 51
130 70 132 73
130 74 135 75
130 107 141 107
130 125 135 126
130 131 135 132
130 195 130 206
130 207 131 212
130 213 135 214
130 220 141 220
130 231 141 231
128 233 139 233
130 239 132 242
130 243 141 243
131 0 132 5
131 16 133 19
131 20 136 21
131 37 142 37
131 52 133 55
131 59 132 64
131 76 134 78
131 80 131 91
131 92 142 92
131 109 136 110
131 118 142 118
131 123 136 124
131 134 132 139
131 147 132 152
131 159 132 164
131 174 135 175
131 183 133 186
131 187 142 187
131 195 131 206
131 222 132 227
131 244 142 244
132 11 135 13
132 23 137 24
132 31 143 31
132 33 135 35
132 40 137 41
132 65 134 68
132 80 132 91
132 96 137 97
132 105 137 106
132 111 134 114
132 121 143 121
132 127 137 128
132 130 143 130
132 143 134 146
132 153 134 156
132 158 143 158
132 178 135 180
132 181 143 181
132 192 132 203
132 204 133 209
132 210 135 212
132 249 143 249
133 0 134 5
133 6 136 8
133 30 144 30
133 38 144 38
133 42 135 45
133 46 144 46
133 59 134 64
133 70 135 73
133 80 144 80
133 81 134 86
133 87 135 89
133 90 138 91
133 108 144 108
133 115 138 116
133 134 134 139
133 147 134 152
133 159 134 164
133 166 136 168
133 176 138 177
133 189 133 200
133 201 138 202
133 203 144 203
133 215 136 217
133 222 134 227
133 238 135 241
133 242 143 242
134 16 136 19
134 26 139 27
134 29 145 29
134 49 144 49
134 52 137 54
134 55 145 55
134 93 145 93
134 95 145 95
134 103 145 103
134 120 145 120
134 140 145 140
134 183 139 184
134 185 139 186
134 189 134 200
134 204 135 209
133 221 144 221
132 245 143 245
135 0 136 5
135 48 146 48
135 57 146 57
135 59 136 64
135 65 140 66
135 67 146 67
135 68 146 68
135 76 137 79
135 81 136 86
135 99 140 100
135 111 140 112
135 113 140 114
135 134 136 139
135 143 135 154
135 155 146 155
135 159 136 164
135 169 140 170
135 173 146 173
135 189 135 200
135 222 136 227
135 228 140 229
136 9 138 12
136 13 147 13
136 22 147 22
136 33 139 35
136 39 147 39
136 42 138 45
136 50 141 51
136 70 137 75
136 87 139 89
136 98 147 98
136 102 147 102
136 117 144 117
136 122 147 122
136 125 141 126
136 129 147 129
136 131 139 133
136 143 136 154
136 178 139 180
136 189 137 194
136 195 147 195
136 196 139 198
136 199 141 200
136 204 137 209
136 210 138 213
136 214 147 214
136 218 147 218
136 232 147 232
136 238 138 241
136 247 141 248
137 0 138 5
137 6 140 8
137 16 138 21
137 56 148 56
137 59 138 64
137 81 138 86
137 94 146 94
137 109 142 110
137 123 141 124
137 134 138 139
137 143 137 154
137 159 139 162
137 163 138 168
136 174 141 175
137 215 140 217
137 222 138 227
137 234 148 234
138 23 141 25
138 32 149 32
138 36 149 36
138 40 143 41
138 52 141 54
138 70 139 74
138 75 141 77
138 78 143 79
138 96 143 97
138 104 141 106
138 127 142 128
138 141 149 141
138 143 139 148
138 149 141 151
138 152 143 153
138 154 149 154
135 157 146 157
138 189 140 192
138 193 149 193
138 194 149 194
138 204 139 209
138 237 149 237
138 246 149 246
139 0 140 5
139 9 141 12
139 15 140 20
139 21 150 21
139 42 141 45
139 58 140 63
139 64 150 64
139 81 140 86
139 90 144 91
139 115 144 116
139 134 140 139
139 142 150 142
139 163 141 166
139 167 144 168
139 176 150 176
139 177 150 177
139 182 150 182
139 201 144 202
139 210 141 213
139 222 140 227
139 235 144 236
139 238 141 241
140 26 143 28
140 33 143 35
140 70 142 73
140 74 151 74
140 87 143 89
140 101 151 101
140 119 151 119
140 131 145 132
140 133 151 133
140 143 141 148
140 159 142 162
140 178 143 180
140 183 142 186
140 188 151 188
140 196 143 198
140 204 141 209
140 233 151 233
141 0 142 5
141 6 144 8
141 14 142 19
141 20 152 20
141 47 152 47
141 58 142 63
141 65 146 66
141 69 152 69
141 81 142 86
141 99 146 100
141 111 146 112
141 113 146 114
141 134 142 139
141 169 143 172
141 189 143 192
141 215 144 217
141 219 152 219
141 222 142 227
141 228 144 230
142 9 144 12
142 23 153 23
142 24 153 24
142 25 153 25
142 42 144 45
142 50 144 53
142 54 153 54
142 75 145 77
142 104 144 107
142 125 153 125
142 143 143 148
142 149 145 151
142 163 144 166
142 174 153 174
142 175 153 175
142 199 147 200
142 204 143 209
142 210 147 211
142 212 147 213
142 220 153 220
142 238 144 241
142 247 147 248
143 0 144 5
143 14 144 19
143 37 153 37
143 58 144 63
143 70 145 73
143 81 144 86
143 92 154 92
143 109 148 110
143 118 152 118
142 123 147 124
143 126 146 128
143 134 144 139
143 159 145 162
143 183 145 186
143 187 154 187
143 222 144 227
144 26 147 28
144 31 155 31
144 33 147 35
144 40 149 41
144 78 155 78
144 79 155 79
144 87 147 89
144 96 149 97
144 121 155 121
144 130 155 130
144 143 145 148
144 152 149 153
144 158 155 158
144 171 149 172
144 178 155 178
144 179 147 181
144 189 146 192
144 196 147 198
144 204 145 209
144 242 146 245
144 249 155 249
145 0 145 11
145 12 156 12
145 14 147 17
145 18 156 18
145 19 154 19
145 30 156 30
145 38 156 38
145 42 147 45
145 46 156 46
145 51 147 53
145 58 146 63
145 80 146 85
145 86 156 86
145 90 150 91
145 104 147 107
145 108 156 108
145 115 148 117
145 134 146 139
145 163 146 168
145 169 156 169
145 201 148 203
145 215 148 217
145 221 146 226
145 227 147 229
145 230 150 231
145 235 150 236
145 238 147 241
146 0 146 11
146 29 157 29
145 49 150 50
146 55 157 55
146 70 149 72
146 73 157 73
146 75 149 77
146 95 157 95
146 103 157 103
146 131 151 132
146 140 157 140
146 143 147 148
146 149 149 151
146 159 148 162
146 183 149 185
146 204 147 209
147 0 147 11
147 48 158 48
147 57 148 62
147 63 158 63
147 65 149 68
147 80 148 85
147 93 152 94
147 99 152 100
147 111 149 114
147 126 150 128
147 134 148 139
147 155 158 155
147 157 155 157
147 163 148 168
147 173 157 173
147 189 149 192
147 221 148 226
147 242 152 243
147 245 156 245
148 0 148 11
148 13 150 16
148 17 159 17
148 22 159 22
148 26 151 28
148 33 151 35
148 39 159 39
148 42 150 45
148 51 151 53
148 87 151 89
148 98 159 98
148 102 159 102
148 104 150 107
148 120 159 120
148 122 151 124
148 129 159 129
148 143 149 148
148 179 151 181
148 195 149 200
148 204 149 209
148 210 150 213
148 214 159 214
148 218 159 218
148 227 151 229
148 232 159 232
148 238 150 241
148 247 159 247
148 248 159 248
149 0 149 11
149 56 150 61
149 62 160 62
149 80 150 85
149 109 160 109
149 110 160 110
149 115 152 117
149 134 150 139
149 156 160 156
149 159 150 164
149 165 154 166
149 167 154 168
149 170 160 170
149 201 154 202
149 203 160 203
149 215 152 217
149 221 151 224
149 225 154 226
149 234 160 234
150 0 151 5
150 6 151 11
150 32 161 32
150 36 161 36
150 40 161 40
150 65 152 68
150 70 153 72
150 75 155 76
150 96 155 97
150 111 152 114
150 141 161 141
150 143 151 148
150 149 151 154
150 171 161 171
150 172 161 172
150 183 152 186
150 189 150 200
150 204 151 209
150 237 161 237
150 244 161 244
150 246 161 246
151 13 153 16
151 41 153 44
151 45 162 45
151 49 156 50
151 56 152 61
151 64 162 64
151 80 152 85
151 90 156 91
151 104 153 107
151 126 154 128
151 134 153 137
151 138 156 139
151 142 161 142
151 159 152 164
151 176 156 177
151 182 162 182
151 189 151 200
151 210 153 213
151 230 156 231
151 235 156 236
151 238 156 239
151 240 156 241
152 0 152 11
152 21 163 21
152 26 155 28
152 33 155 35
152 51 155 53
152 74 163 74
152 87 155 89
152 101 163 101
152 119 162 119
152 122 155 124
152 131 155 133
152 143 152 154
152 179 155 181
152 188 152 199
152 200 163 200
152 204 153 209
152 221 154 224
152 227 155 229
152 233 160 233
153 0 153 11
153 47 164 47
153 56 154 61
153 65 155 68
153 69 164 69
153 77 164 77
153 80 155 83
153 85 164 85
153 93 158 94
153 99 158 100
153 111 154 116
153 117 161 117
153 143 153 154
153 159 154 164
153 183 155 186
153 188 153 199
153 215 156 217
153 219 164 219
153 242 158 243
154 0 154 11
154 13 156 16
154 23 157 25
154 41 156 44
154 54 165 54
154 70 157 72
154 104 157 106
154 107 165 107
154 125 165 125
154 134 156 137
154 143 154 154
154 174 159 175
154 188 155 193
154 194 155 199
154 204 155 209
154 210 156 213
154 220 165 220
155 0 156 5
155 6 156 11
155 19 160 20
154 37 165 37
155 56 156 61
155 92 166 92
155 111 156 116
153 118 161 118
155 126 158 128
155 143 155 154
155 159 156 164
155 165 157 168
155 187 166 187
155 201 160 202
155 221 156 226
156 26 159 28
156 31 164 31
156 33 159 35
156 51 159 53
156 65 158 68
156 75 161 76
156 78 157 82
156 83 161 84
156 87 159 89
156 96 161 97
156 121 158 124
156 130 158 133
156 143 156 154
156 157 161 158
156 178 158 181
156 183 158 186
156 188 156 199
156 204 157 209
156 227 159 229
156 249 167 249
157 0 157 11
157 12 159 15
157 16 168 16
157 18 168 18
157 30 168 30
157 38 168 38
157 41 159 44
157 46 168 46
157 49 162 50
157 56 158 61
157 86 168 86
157 91 168 91
157 108 168 108
157 111 158 116
157 134 158 139
157 143 157 154
157 159 158 164
157 169 168 169
157 176 162 177
157 188 157 199
157 210 159 213
157 215 160 217
157 221 158 226
157 230 162 231
157 235 162 236
157 238 159 241
158 0 158 11
158 23 161 25
158 29 167 29
158 55 169 55
158 70 160 73
158 78 160 81
158 82 169 82
158 95 169 95
158 103 160 106
158 140 169 140
158 143 158 154
158 165 160 168
158 188 158 199
158 204 159 209
159 0 162 2
159 3 160 8
159 9 162 11
159 56 160 61
159 63 170 63
159 65 161 68
159 93 164 94
159 99 170 99
159 100 170 100
159 111 160 116
159 121 162 123
159 126 162 128
159 130 160 135
159 136 161 139
159 143 160 148
159 149 160 154
159 155 170 155
159 159 160 164
158 173 169 173
159 178 161 181
159 183 161 186
159 188 160 193
159 194 160 199
159 221 160 226
159 242 164 243
157 245 168 245
160 12 162 15
160 17 171 17
160 22 169 22
160 26 163 28
160 33 163 35
160 39 171 39
160 41 162 44
160 48 171 48
160 51 163 53
160 87 162 90
160 98 171 98
160 102 171 102
160 120 171 120
160 129 171 129
160 174 171 174
160 175 171 175
160 204 161 209
160 210 162 213
160 214 171 214
160 218 171 218
160 227 163 229
160 232 171 232
160 238 162 241
160 247 165 248
161 3 162 8
161 19 166 20
161 56 162 61
161 62 172 62
161 70 163 73
161 78 163 81
161 103 171 103
161 104 172 104
161 105 166 106
161 109 162 114
161 115 172 115
161 130 162 135
161 143 161 154
161 156 172 156
161 159 162 164
161 165 163 168
161 170 172 170
161 188 161 199
161 201 164 203
161 215 164 217
161 221 162 226
161 234 172 234
162 23 165 25
162 36 173 36
162 40 173 40
162 65 164 68
162 75 167 76
162 83 167 84
162 96 167 97
162 116 165 118
162 136 164 139
162 141 163 146
162 147 163 152
162 153 167 154
162 157 167 158
162 171 167 172
162 178 164 181
162 183 164 186
162 188 162 199
162 204 163 209
162 237 173 237
162 244 170 244
162 246 169 246
163 0 163 11
163 12 165 15
163 41 165 44
163 45 172 45
163 49 168 50
163 56 164 61
163 64 174 64
163 87 165 90
163 109 164 114
163 121 165 124
163 126 166 128
163 130 165 133
163 134 168 135
163 159 164 164
163 176 168 177
163 182 174 182
163 188 163 199
163 210 165 213
163 221 164 226
163 230 168 231
163 235 168 236
163 238 165 241
164 0 165 5
164 6 167 8
164 9 167 11
164 21 175 21
164 26 167 28
164 33 167 35
164 51 167 53
164 70 167 72
164 73 169 74
164 78 166 81
164 101 175 101
163 119 174 119
164 141 164 152
164 165 166 168
164 188 164 199
164 200 175 200
164 204 165 209
164 227 167 229
161 233 172 233
165 31 170 32
165 47 176 47
165 56 166 61
165 65 167 68
165 69 176 69
165 77 176 77
165 85 176 85
165 93 170 94
165 109 166 114
165 136 176 136
165 137 170 138
165 139 176 139
165 141 165 152
165 159 166 164
165 178 167 181
165 183 167 186
165 188 165 199
165 201 176 201
165 202 170 203
165 215 168 217
165 219 176 219
165 221 166 226
165 242 170 243
166 0 167 5
166 12 168 15
166 23 169 25
166 37 177 37
166 41 168 44
166 54 177 54
166 87 169 89
166 107 175 107
166 116 169 118
166 121 169 123
166 125 177 125
166 130 169 132
166 141 167 146
166 147 167 152
166 188 167 193
166 194 167 199
166 204 167 209
166 210 168 213
166 220 177 220
166 238 168 241
166 247 171 248
167 19 172 20
167 56 168 61
167 78 169 81
167 90 178 90
167 92 178 92
167 105 172 106
167 109 168 114
167 126 170 128
167 159 168 164
167 165 168 168
167 187 178 187
167 221 168 226
168 0 168 11
168 26 171 28
168 33 171 35
168 51 171 53
168 65 170 68
168 70 171 72
168 75 173 76
168 83 173 84
168 96 173 97
168 133 179 133
168 141 168 152
168 153 173 154
168 157 173 158
168 171 173 172
168 178 170 181
168 183 170 186
168 188 168 199
168 204 169 209
168 227 171 229
168 249 179 249
169 0 169 11
169 12 174 13
169 14 172 16
169 18 180 18
169 30 180 30
169 38 180 38
169 41 171 44
169 46 180 46
169 49 180 49
169 50 180 50
169 56 170 61
169 86 179 86
169 91 180 91
169 108 174 109
169 110 171 113
169 114 180 114
169 134 174 135
169 141 169 152
169 159 172 161
169 162 172 164
169 165 170 169
169 176 174 177
169 188 169 199
169 210 171 213
169 215 172 217
169 221 171 224
169 225 174 226
169 230 174 231
169 235 174 236
169 238 171 241
170 0 170 11
170 23 173 25
168 29 179 29
170 55 181 55
170 73 175 74
170 78 172 81
170 82 181 82
170 87 173 89
170 95 181 95
170 116 173 118
170 121 172 124
170 130 173 132
170 140 170 151
170 152 181 152
170 173 181 173
170 188 170 199
170 204 171 209
170 245 175 246
171 0 171 11
171 31 176 32
171 56 172 61
171 63 182 63
171 65 173 68
171 93 176 94
171 99 176 100
171 126 174 128
171 137 176 138
171 140 171 151
171 155 182 155
171 165 173 168
171 169 182 169
171 178 173 181
171 183 173 186
171 188 171 199
171 202 176 203
171 242 175 243
172 0 172 11
170 22 181 22
172 26 175 28
172 33 175 35
172 39 183 39
172 41 174 44
172 48 183 48
172 51 177 52
172 53 183 53
172 70 175 72
172 98 183 98
172 102 177 103
172 110 174 113
172 120 183 120
172 129 183 129
172 140 172 151
172 174 177 175
172 188 172 199
172 204 173 209
172 210 174 213
172 214 183 214
172 218 183 218
172 221 175 223
172 224 181 224
172 228 177 229
172 232 183 232
172 238 183 238
172 239 177 240
172 247 177 248
173 0 173 11
173 14 175 17
173 19 178 20
173 56 174 61
173 62 184 62
173 80 178 81
173 104 176 106
173 115 184 115
173 121 176 123
173 140 173 151
173 156 183 156
173 159 174 164
173 188 174 193
173 194 174 199
173 215 176 217
173 233 178 234
174 0 174 11
174 23 177 25
174 36 185 36
174 40 185 40
174 65 176 68
174 75 179 76
174 78 179 79
174 83 179 84
174 87 177 89
174 96 179 97
174 116 177 118
174 130 185 130
174 131 185 131
174 140 174 151
174 154 185 154
174 157 179 158
174 165 176 168
174 170 177 172
174 178 176 181
174 183 176 186
174 204 175 209
174 237 185 237
171 244 182 244
175 0 175 11
175 12 180 13
175 41 177 44
173 45 184 45
175 56 176 61
175 64 186 64
175 108 176 113
175 119 186 119
175 124 186 124
175 126 180 127
175 128 186 128
175 134 179 135
175 140 175 151
175 159 176 164
175 176 180 177
175 182 186 182
175 188 175 199
175 210 180 211
175 212 180 213
175 225 180 226
175 230 180 231
175 235 180 236
176 0 176 11
176 14 178 17
176 21 187 21
176 26 179 28
176 33 181 34
176 35 187 35
176 70 178 73
176 74 187 74
176 101 187 101
176 140 176 151
176 188 176 199
176 200 187 200
176 204 177 209
176 221 179 223
176 241 179 243
176 245 181 246
177 0 177 11
177 31 182 32
177 47 188 47
177 56 178 61
177 65 179 68
177 69 186 69
177 77 188 77
177 85 188 85
177 93 181 94
177 99 188 99
177 100 188 100
177 104 180 106
177 108 180 110
177 111 180 113
177 121 180 123
177 136 177 147
177 148 179 151
177 159 180 161
177 162 178 167
177 168 186 168
177 178 179 181
177 183 179 186
177 188 177 199
177 201 188 201
177 202 188 202
177 203 188 203
177 215 180 217
177 219 188 219
177 227 188 227
178 0 178 11
178 23 181 25
178 37 189 37
178 41 180 44
178 51 183 52
178 54 189 54
178 87 181 89
178 102 189 102
178 103 189 103
176 107 187 107
178 116 181 118
178 125 189 125
178 136 179 141
178 142 180 145
178 146 183 147
178 153 189 153
178 170 183 171
178 172 189 172
178 174 183 175
178 188 178 199
178 204 179 209
178 220 188 220
178 228 183 229
178 239 183 240
178 247 183 248
179 0 179 11
179 14 184 15
179 16 184 17
179 19 184 20
179 56 180 61
179 70 181 73
179 80 184 81
179 90 190 90
179 92 190 92
179 162 180 167
179 187 179 198
179 199 190 199
179 233 184 234
180 0 180 11
180 26 182 29
180 65 182 68
180 75 185 76
180 78 185 79
180 83 191 83
180 84 191 84
180 96 185 97
180 132 181 137
180 138 182 141
180 148 182 151
180 157 190 157
180 178 182 181
180 183 180 194
180 195 182 198
180 204 181 209
180 221 183 223
180 241 183 243
180 249 189 249
181 0 181 11
181 12 186 13
181 18 192 18
181 30 191 30
181 38 192 38
181 41 186 42
181 43 186 44
181 46 190 46
181 49 186 50
181 56 182 61
180 86 190 86
181 91 190 91
181 104 184 106
181 108 182 113
181 114 192 114
181 121 184 123
181 126 186 127
181 142 183 145
181 158 182 163
181 164 183 167
181 176 186 177
181 183 181 194
181 210 183 213
181 215 184 217
181 230 186 231
181 235 186 236
182 0 182 11
182 22 184 25
182 33 187 34
182 55 193 55
182 70 184 73
182 82 191 82
182 87 185 89
182 93 185 95
182 116 185 118
182 132 183 137
182 152 191 152
182 173 193 173
182 183 182 194
182 204 183 209
182 224 185 226
182 245 187 246
183 0 183 11
183 26 185 29
183 31 188 32
183 56 184 61
183 63 194 63
183 65 186 67
183 108 184 113
183 138 186 140
183 141 193 141
183 148 185 151
183 158 184 163
183 169 194 169
183 178 185 181
183 183 183 194
183 195 185 198
183 244 194 244
184 0 185 5
184 6 189 7
184 8 186 11
184 39 192 39
184 48 195 48
184 51 187 53
184 98 195 98
184 120 195 120
184 129 195 129
184 132 195 132
184 133 186 136
184 137 192 137
184 142 185 147
184 155 189 156
184 164 186 167
184 170 189 171
184 174 189 175
184 183 184 194
184 204 185 209
184 210 186 213
184 214 194 214
184 221 189 222
184 228 188 229
184 232 195 232
184 238 185 243
184 247 189 248
185 14 187 17
185 19 190 20
185 22 188 24
185 25 196 25
185 45 196 45
185 56 187 59
185 60 194 60
185 61 196 61
185 62 196 62
185 70 188 72
185 73 196 73
185 80 190 81
185 104 188 106
185 108 186 113
185 115 192 115
185 121 188 123
185 158 187 161
185 162 190 163
185 183 185 194
185 215 187 218
185 223 196 223
185 233 190 234
186 0 187 5
186 26 188 29
186 40 197 40
186 75 191 76
186 78 191 79
186 87 197 87
186 88 191 89
186 93 188 96
186 97 197 97
186 116 189 118
186 130 195 130
186 131 195 131
186 142 187 147
186 148 188 151
186 154 197 154
186 178 188 181
186 183 187 188
186 189 187 194
186 195 188 198
186 204 187 209
186 224 196 224
186 225 197 225
186 226 197 226
186 237 187 241
186 242 191 243
187 8 188 13
187 41 189 44
187 49 192 50
187 64 189 67
187 68 192 69
187 108 188 113
187 119 198 119
187 124 198 124
187 126 192 127
187 128 194 128
187 133 189 136
187 138 192 139
187 140 194 140
187 164 189 167
187 176 192 177
187 182 198 182
187 210 189 213
187 230 192 231
187 235 196 235
187 236 198 236
188 0 189 5
188 14 190 17
188 21 199 21
188 33 191 35
188 51 191 53
188 56 190 59
188 101 199 101
188 107 199 107
188 142 190 145
188 146 193 147
188 158 190 161
188 183 188 194
188 200 199 200
188 204 189 209
188 215 190 218
188 237 190 240
188 241 199 241
188 245 193 246
189 8 190 13
189 22 192 24
189 26 191 29
189 31 194 32
189 47 199 47
189 70 194 71
189 72 199 72
189 77 199 77
189 85 199 85
189 93 191 96
189 99 194 100
189 104 192 106
189 108 194 109
189 111 192 113
189 121 192 123
189 148 191 151
187 168 198 168
189 178 192 180
189 181 199 181
189 183 189 194
189 195 191 198
189 201 192 203
189 219 194 220
189 227 192 229
190 0 191 5
190 6 195 7
190 37 199 37
190 41 192 44
190 54 199 54
190 64 192 67
190 102 194 103
190 116 195 117
190 118 199 118
190 125 199 125
190 133 192 136
190 153 199 153
190 155 195 156
190 164 192 167
190 170 193 172
190 174 195 175
190 183 191 188
190 189 191 194
190 204 191 209
190 210 192 213
190 221 195 222
190 247 195 248
191 8 192 13
191 14 193 17
191 19 196 20
191 56 193 59
191 80 196 81
191 90 194 92
191 142 193 145
191 159 192 163
191 215 194 216
191 217 196 218
191 233 196 234
191 237 193 240
192 0 193 5
192 26 194 28
192 33 194 36
192 51 194 53
192 74 197 75
192 78 197 79
192 82 195 84
191 86 199 86
192 88 197 89
192 93 194 96
192 148 194 151
191 157 196 158
192 183 192 193
192 194 193 199
192 204 194 207
192 208 197 209
192 242 197 243
190 249 199 249
193 8 194 13
193 22 196 24
192 29 197 30
193 38 198 39
193 41 195 44
191 46 199 46
193 49 196 50
193 64 194 69
193 104 196 106
193 110 195 113
193 114 197 115
193 121 196 123
193 133 196 135
193 136 196 138
193 159 194 164
193 165 196 167
193 176 195 179
193 183 194 188
193 189 195 192
193 201 195 203
193 210 195 213
193 227 195 229
193 230 196 231
194 0 195 5
194 14 199 15
194 55 196 58
194 143 195 147
192 152 199 152
194 170 196 173
194 193 195 197
194 198 199 199
194 237 196 240
194 245 199 246
195 8 196 13
195 26 198 28
195 31 196 36
195 59 199 60
195 63 197 66
195 67 197 70
195 90 196 93
195 94 198 96
195 108 199 109
195 127 199 128
195 139 199 140
194 141 199 142
195 148 197 151
195 159 198 161
195 162 198 164
195 183 196 188
195 205 198 207
195 214 198 216
195 219 199 220
196 0 197 4
196 5 199 7
196 41 199 43
195 51 198 53
195 102 199 103
196 110 198 113
196 129 198 132
196 174 197 179
196 189 197 193
196 194 198 197
196 201 198 204
196 210 198 213
196 227 199 229
197 8 198 13
197 17 199 20
197 22 199 25
197 31 198 36
197 48 199 50
197 55 199 58
197 90 199 93
197 104 199 106
197 120 199 123
197 133 198 138
197 155 199 158
197 170 199 173
197 183 198 188
197 221 199 224
197 233 199 235
197 237 199 240
198 0 199 4
198 61 199 66
198 67 199 71
198 73 199 76
198 114 199 117
198 143 199 148
198 174 199 179
199 26 199 36
199 129 199 138
199 159 199 169
199 186 199 197
199 201 199 210
199 211 199 218
197 230 199 232
